<?xml version="1.0" encoding="UTF-8"?>
<!-- Generated by org.testng.reporters.JUnitXMLReporter -->
<testsuite ignored="0" hostname="TYSS-Sumanth-Chinivar" failures="0" tests="3" name="Test" time="23.183" errors="0" timestamp="2024-02-17T08:39:48 IST">
  <testcase classname="testCasesDWS.TC_DWS_AddToCart_003Test" name="addingProductToCartAndLogout" time="1.427"/>
  <testcase classname="testCasesDWS.TC_DWS_AddToWishList_004Test" name="addToWishList" time="1.437"/>
  <testcase classname="testCasesDWS.TC_DWS_AddToCart_007Test" name="addingProductToCartAndLogout" time="1.993"/>
</testsuite> <!-- Test -->
