<?xml version="1.0" encoding="UTF-8"?>
<testng-results ignored="0" total="1" passed="1" failed="0" skipped="0">
  <reporter-output>
    <line>
      <![CDATA[Browser is opened]]>
    </line>
    <line>
      <![CDATA[Browser is maximized]]>
    </line>
    <line>
      <![CDATA[URL is launched]]>
    </line>
    <line>
      <![CDATA[Login page is diaplayed]]>
    </line>
    <line>
      <![CDATA[Email id is entered]]>
    </line>
    <line>
      <![CDATA[password is entered]]>
    </line>
    <line>
      <![CDATA[User logged in successfully]]>
    </line>
    <line>
      <![CDATA[User clicked on add to cart button]]>
    </line>
    <line>
      <![CDATA[Recepient name entered]]>
    </line>
    <line>
      <![CDATA[Recipient email mismatch]]>
    </line>
    <line>
      <![CDATA[Product added to cart successfully]]>
    </line>
    <line>
      <![CDATA[User logged out successfully]]>
    </line>
    <line>
      <![CDATA[Browser closed successfully]]>
    </line>
  </reporter-output>
  <suite started-at="2024-02-19T13:08:15 IST" name="Default suite" finished-at="2024-02-19T13:08:40 IST" duration-ms="25383">
    <groups>
    </groups>
    <test started-at="2024-02-19T13:08:15 IST" name="Default test" finished-at="2024-02-19T13:08:40 IST" duration-ms="25383">
      <class name="testCasesDWS.TC_DWS_AddToCart_007Test">
        <test-method is-config="true" signature="browserSetup(java.lang.String)[pri:0, instance:testCasesDWS.TC_DWS_AddToCart_007Test@6c284af]" started-at="2024-02-19T13:08:15 IST" name="browserSetup" finished-at="2024-02-19T13:08:29 IST" duration-ms="14493" status="PASS">
          <params>
            <param index="0">
              <value>
                <![CDATA[chrome]]>
              </value>
            </param>
          </params>
          <reporter-output>
            <line>
              <![CDATA[Browser is opened]]>
            </line>
            <line>
              <![CDATA[Browser is maximized]]>
            </line>
            <line>
              <![CDATA[URL is launched]]>
            </line>
          </reporter-output>
        </test-method> <!-- browserSetup -->
        <test-method is-config="true" signature="login()[pri:0, instance:testCasesDWS.TC_DWS_AddToCart_007Test@6c284af]" started-at="2024-02-19T13:08:29 IST" name="login" finished-at="2024-02-19T13:08:32 IST" duration-ms="2755" status="PASS">
          <reporter-output>
            <line>
              <![CDATA[Login page is diaplayed]]>
            </line>
            <line>
              <![CDATA[Email id is entered]]>
            </line>
            <line>
              <![CDATA[password is entered]]>
            </line>
            <line>
              <![CDATA[User logged in successfully]]>
            </line>
          </reporter-output>
        </test-method> <!-- login -->
        <test-method signature="addingProductToCartAndLogout()[pri:0, instance:testCasesDWS.TC_DWS_AddToCart_007Test@6c284af]" started-at="2024-02-19T13:08:32 IST" name="addingProductToCartAndLogout" finished-at="2024-02-19T13:08:37 IST" duration-ms="4616" status="PASS">
          <reporter-output>
            <line>
              <![CDATA[User clicked on add to cart button]]>
            </line>
            <line>
              <![CDATA[Recepient name entered]]>
            </line>
            <line>
              <![CDATA[Recipient email mismatch]]>
            </line>
            <line>
              <![CDATA[Product added to cart successfully]]>
            </line>
          </reporter-output>
        </test-method> <!-- addingProductToCartAndLogout -->
        <test-method is-config="true" signature="logout()[pri:0, instance:testCasesDWS.TC_DWS_AddToCart_007Test@6c284af]" started-at="2024-02-19T13:08:37 IST" name="logout" finished-at="2024-02-19T13:08:40 IST" duration-ms="3034" status="PASS">
          <reporter-output>
            <line>
              <![CDATA[User logged out successfully]]>
            </line>
          </reporter-output>
        </test-method> <!-- logout -->
        <test-method is-config="true" signature="closeBrowser()[pri:0, instance:testCasesDWS.TC_DWS_AddToCart_007Test@6c284af]" started-at="2024-02-19T13:08:40 IST" name="closeBrowser" finished-at="2024-02-19T13:08:40 IST" duration-ms="430" status="PASS">
          <reporter-output>
            <line>
              <![CDATA[Browser closed successfully]]>
            </line>
          </reporter-output>
        </test-method> <!-- closeBrowser -->
      </class> <!-- testCasesDWS.TC_DWS_AddToCart_007Test -->
    </test> <!-- Default test -->
  </suite> <!-- Default suite -->
</testng-results>
